# JRE version: Java(TM) SE Runtime Environment (8.0_91-b14) (build 1.8.0_91-b14)
# Java VM: Java HotSpot(TM) 64-Bit Server VM (25.91-b14 mixed mode bsd-amd64 compressed oops)
Heap:
 PSYoungGen      total 148480K, used 124090K [0x00000007aab00000, 0x00000007b6100000, 0x00000007c0000000)
  eden space 136704K, 89% used [0x00000007aab00000,0x00000007b22669d0,0x00000007b3080000)
  from space 11776K, 15% used [0x00000007b3080000,0x00000007b3248010,0x00000007b3c00000)
  to   space 11776K, 0% used [0x00000007b5580000,0x00000007b5580000,0x00000007b6100000)
 ParOldGen       total 40960K, used 17828K [0x0000000780000000, 0x0000000782800000, 0x00000007aab00000)
  object space 40960K, 43% used [0x0000000780000000,0x0000000781169288,0x0000000782800000)
 Metaspace       used 52039K, capacity 52236K, committed 52440K, reserved 1095680K
  class space    used 6731K, capacity 6799K, committed 6912K, reserved 1048576K
GC Heap History (10 events):
Event: 16.980 GC heap before
{Heap before GC invocations=17 (full 2):
 PSYoungGen      total 92160K, used 91976K [0x00000007aab00000, 0x00000007b1480000, 0x00000007c0000000)
  eden space 87552K, 100% used [0x00000007aab00000,0x00000007b0080000,0x00000007b0080000)
  from space 4608K, 96% used [0x00000007b1000000,0x00000007b14520d8,0x00000007b1480000)
  to   space 6656K, 0% used [0x00000007b0780000,0x00000007b0780000,0x00000007b0e00000)
 ParOldGen       total 40960K, used 8248K [0x0000000780000000, 0x0000000782800000, 0x00000007aab00000)
  object space 40960K, 20% used [0x0000000780000000,0x000000078080e110,0x0000000782800000)
 Metaspace       used 38202K, capacity 38472K, committed 38744K, reserved 1083392K
  class space    used 5357K, capacity 5454K, committed 5504K, reserved 1048576K
Event: 16.987 GC heap after
Heap after GC invocations=17 (full 2):
 PSYoungGen      total 101376K, used 793K [0x00000007aab00000, 0x00000007b2b00000, 0x00000007c0000000)
  eden space 94720K, 0% used [0x00000007aab00000,0x00000007aab00000,0x00000007b0780000)
  from space 6656K, 11% used [0x00000007b0780000,0x00000007b0846600,0x00000007b0e00000)
  to   space 6656K, 0% used [0x00000007b2480000,0x00000007b2480000,0x00000007b2b00000)
 ParOldGen       total 40960K, used 8921K [0x0000000780000000, 0x0000000782800000, 0x00000007aab00000)
  object space 40960K, 21% used [0x0000000780000000,0x00000007808b67b8,0x0000000782800000)
 Metaspace       used 38202K, capacity 38472K, committed 38744K, reserved 1083392K
  class space    used 5357K, capacity 5454K, committed 5504K, reserved 1048576K
}
Event: 24.502 GC heap before
{Heap before GC invocations=18 (full 2):
 PSYoungGen      total 101376K, used 95513K [0x00000007aab00000, 0x00000007b2b00000, 0x00000007c0000000)
  eden space 94720K, 100% used [0x00000007aab00000,0x00000007b0780000,0x00000007b0780000)
  from space 6656K, 11% used [0x00000007b0780000,0x00000007b0846600,0x00000007b0e00000)
  to   space 6656K, 0% used [0x00000007b2480000,0x00000007b2480000,0x00000007b2b00000)
 ParOldGen       total 40960K, used 8921K [0x0000000780000000, 0x0000000782800000, 0x00000007aab00000)
  object space 40960K, 21% used [0x0000000780000000,0x00000007808b67b8,0x0000000782800000)
 Metaspace       used 42927K, capacity 43144K, committed 43352K, reserved 1087488K
  class space    used 6079K, capacity 6158K, committed 6272K, reserved 1048576K
Event: 24.523 GC heap after
Heap after GC invocations=18 (full 2):
 PSYoungGen      total 122368K, used 6628K [0x00000007aab00000, 0x00000007b3580000, 0x00000007c0000000)
  eden space 115712K, 0% used [0x00000007aab00000,0x00000007aab00000,0x00000007b1c00000)
  from space 6656K, 99% used [0x00000007b2480000,0x00000007b2af9028,0x00000007b2b00000)
  to   space 8704K, 0% used [0x00000007b1c00000,0x00000007b1c00000,0x00000007b2480000)
 ParOldGen       total 40960K, used 11339K [0x0000000780000000, 0x0000000782800000, 0x00000007aab00000)
  object space 40960K, 27% used [0x0000000780000000,0x0000000780b12cf8,0x0000000782800000)
 Metaspace       used 42927K, capacity 43144K, committed 43352K, reserved 1087488K
  class space    used 6079K, capacity 6158K, committed 6272K, reserved 1048576K
}
Event: 26.118 GC heap before
{Heap before GC invocations=19 (full 2):
 PSYoungGen      total 122368K, used 122340K [0x00000007aab00000, 0x00000007b3580000, 0x00000007c0000000)
  eden space 115712K, 100% used [0x00000007aab00000,0x00000007b1c00000,0x00000007b1c00000)
  from space 6656K, 99% used [0x00000007b2480000,0x00000007b2af9028,0x00000007b2b00000)
  to   space 8704K, 0% used [0x00000007b1c00000,0x00000007b1c00000,0x00000007b2480000)
 ParOldGen       total 40960K, used 11339K [0x0000000780000000, 0x0000000782800000, 0x00000007aab00000)
  object space 40960K, 27% used [0x0000000780000000,0x0000000780b12cf8,0x0000000782800000)
 Metaspace       used 44725K, capacity 44936K, committed 45272K, reserved 1087488K
  class space    used 6259K, capacity 6350K, committed 6400K, reserved 1048576K
Event: 26.134 GC heap after
Heap after GC invocations=19 (full 2):
 PSYoungGen      total 124416K, used 1608K [0x00000007aab00000, 0x00000007b4480000, 0x00000007c0000000)
  eden space 115712K, 0% used [0x00000007aab00000,0x00000007aab00000,0x00000007b1c00000)
  from space 8704K, 18% used [0x00000007b1c00000,0x00000007b1d92278,0x00000007b2480000)
  to   space 8704K, 0% used [0x00000007b3c00000,0x00000007b3c00000,0x00000007b4480000)
 ParOldGen       total 40960K, used 12463K [0x0000000780000000, 0x0000000782800000, 0x00000007aab00000)
  object space 40960K, 30% used [0x0000000780000000,0x0000000780c2bc18,0x0000000782800000)
 Metaspace       used 44725K, capacity 44936K, committed 45272K, reserved 1087488K
  class space    used 6259K, capacity 6350K, committed 6400K, reserved 1048576K
}
Event: 28.006 GC heap before
{Heap before GC invocations=20 (full 2):
 PSYoungGen      total 124416K, used 117320K [0x00000007aab00000, 0x00000007b4480000, 0x00000007c0000000)
  eden space 115712K, 100% used [0x00000007aab00000,0x00000007b1c00000,0x00000007b1c00000)
  from space 8704K, 18% used [0x00000007b1c00000,0x00000007b1d92278,0x00000007b2480000)
  to   space 8704K, 0% used [0x00000007b3c00000,0x00000007b3c00000,0x00000007b4480000)
 ParOldGen       total 40960K, used 12463K [0x0000000780000000, 0x0000000782800000, 0x00000007aab00000)
  object space 40960K, 30% used [0x0000000780000000,0x0000000780c2bc18,0x0000000782800000)
 Metaspace       used 50560K, capacity 50790K, committed 51032K, reserved 1093632K
  class space    used 6691K, capacity 6766K, committed 6784K, reserved 1048576K
Event: 28.028 GC heap after
Heap after GC invocations=20 (full 2):
 PSYoungGen      total 145408K, used 8674K [0x00000007aab00000, 0x00000007b4b00000, 0x00000007c0000000)
  eden space 136704K, 0% used [0x00000007aab00000,0x00000007aab00000,0x00000007b3080000)
  from space 8704K, 99% used [0x00000007b3c00000,0x00000007b4478930,0x00000007b4480000)
  to   space 11776K, 0% used [0x00000007b3080000,0x00000007b3080000,0x00000007b3c00000)
 ParOldGen       total 40960K, used 17312K [0x0000000780000000, 0x0000000782800000, 0x00000007aab00000)
  object space 40960K, 42% used [0x0000000780000000,0x00000007810e8380,0x0000000782800000)
 Metaspace       used 50560K, capacity 50790K, committed 51032K, reserved 1093632K
  class space    used 6691K, capacity 6766K, committed 6784K, reserved 1048576K
}
Event: 30.754 GC heap before
{Heap before GC invocations=21 (full 2):
 PSYoungGen      total 145408K, used 145378K [0x00000007aab00000, 0x00000007b4b00000, 0x00000007c0000000)
  eden space 136704K, 100% used [0x00000007aab00000,0x00000007b3080000,0x00000007b3080000)
  from space 8704K, 99% used [0x00000007b3c00000,0x00000007b4478930,0x00000007b4480000)
  to   space 11776K, 0% used [0x00000007b3080000,0x00000007b3080000,0x00000007b3c00000)
 ParOldGen       total 40960K, used 17312K [0x0000000780000000, 0x0000000782800000, 0x00000007aab00000)
  object space 40960K, 42% used [0x0000000780000000,0x00000007810e8380,0x0000000782800000)
 Metaspace       used 51639K, capacity 51852K, committed 52184K, reserved 1095680K
  class space    used 6729K, capacity 6799K, committed 6912K, reserved 1048576K
Event: 30.762 GC heap after
Heap after GC invocations=21 (full 2):
 PSYoungGen      total 148480K, used 1824K [0x00000007aab00000, 0x00000007b6100000, 0x00000007c0000000)
  eden space 136704K, 0% used [0x00000007aab00000,0x00000007aab00000,0x00000007b3080000)
  from space 11776K, 15% used [0x00000007b3080000,0x00000007b3248010,0x00000007b3c00000)
  to   space 11776K, 0% used [0x00000007b5580000,0x00000007b5580000,0x00000007b6100000)
 ParOldGen       total 40960K, used 17828K [0x0000000780000000, 0x0000000782800000, 0x00000007aab00000)
  object space 40960K, 43% used [0x0000000780000000,0x0000000781169288,0x0000000782800000)
 Metaspace       used 51639K, capacity 51852K, committed 52184K, reserved 1095680K
  class space    used 6729K, capacity 6799K, committed 6912K, reserved 1048576K
}

