# JRE version: Java(TM) SE Runtime Environment (8.0_91-b14) (build 1.8.0_91-b14)
# Java VM: Java HotSpot(TM) 64-Bit Server VM (25.91-b14 mixed mode bsd-amd64 compressed oops)
Heap:
 PSYoungGen      total 221696K, used 98289K [0x00000007aab00000, 0x00000007b9e00000, 0x00000007c0000000)
  eden space 201728K, 47% used [0x00000007aab00000,0x00000007b0914728,0x00000007b7000000)
  from space 19968K, 9% used [0x00000007b8a80000,0x00000007b8c68000,0x00000007b9e00000)
  to   space 23552K, 0% used [0x00000007b7000000,0x00000007b7000000,0x00000007b8700000)
 ParOldGen       total 96256K, used 52948K [0x0000000780000000, 0x0000000785e00000, 0x00000007aab00000)
  object space 96256K, 55% used [0x0000000780000000,0x00000007833b50f0,0x0000000785e00000)
 Metaspace       used 51950K, capacity 52172K, committed 52440K, reserved 1095680K
  class space    used 6731K, capacity 6799K, committed 6912K, reserved 1048576K
GC Heap History (10 events):
Event: 44.640 GC heap before
{Heap before GC invocations=15 (full 2):
 PSYoungGen      total 125952K, used 125816K [0x00000007aab00000, 0x00000007b3880000, 0x00000007c0000000)
  eden space 121344K, 100% used [0x00000007aab00000,0x00000007b2180000,0x00000007b2180000)
  from space 4608K, 97% used [0x00000007b3400000,0x00000007b385e388,0x00000007b3880000)
  to   space 8704K, 0% used [0x00000007b2780000,0x00000007b2780000,0x00000007b3000000)
 ParOldGen       total 41472K, used 8364K [0x0000000780000000, 0x0000000782880000, 0x00000007aab00000)
  object space 41472K, 20% used [0x0000000780000000,0x000000078082b3b0,0x0000000782880000)
 Metaspace       used 40361K, capacity 40616K, committed 40792K, reserved 1085440K
  class space    used 5657K, capacity 5742K, committed 5760K, reserved 1048576K
Event: 44.647 GC heap after
Heap after GC invocations=15 (full 2):
 PSYoungGen      total 136192K, used 3483K [0x00000007aab00000, 0x00000007b5500000, 0x00000007c0000000)
  eden space 127488K, 0% used [0x00000007aab00000,0x00000007aab00000,0x00000007b2780000)
  from space 8704K, 40% used [0x00000007b2780000,0x00000007b2ae6e30,0x00000007b3000000)
  to   space 8704K, 0% used [0x00000007b4c80000,0x00000007b4c80000,0x00000007b5500000)
 ParOldGen       total 41472K, used 8966K [0x0000000780000000, 0x0000000782880000, 0x00000007aab00000)
  object space 41472K, 21% used [0x0000000780000000,0x00000007808c1a38,0x0000000782880000)
 Metaspace       used 40361K, capacity 40616K, committed 40792K, reserved 1085440K
  class space    used 5657K, capacity 5742K, committed 5760K, reserved 1048576K
}
Event: 46.128 GC heap before
{Heap before GC invocations=16 (full 2):
 PSYoungGen      total 136192K, used 130971K [0x00000007aab00000, 0x00000007b5500000, 0x00000007c0000000)
  eden space 127488K, 100% used [0x00000007aab00000,0x00000007b2780000,0x00000007b2780000)
  from space 8704K, 40% used [0x00000007b2780000,0x00000007b2ae6e30,0x00000007b3000000)
  to   space 8704K, 0% used [0x00000007b4c80000,0x00000007b4c80000,0x00000007b5500000)
 ParOldGen       total 41472K, used 8966K [0x0000000780000000, 0x0000000782880000, 0x00000007aab00000)
  object space 41472K, 21% used [0x0000000780000000,0x00000007808c1a38,0x0000000782880000)
 Metaspace       used 43023K, capacity 43240K, committed 43608K, reserved 1087488K
  class space    used 6090K, capacity 6190K, committed 6272K, reserved 1048576K
Event: 46.253 GC heap after
Heap after GC invocations=16 (full 2):
 PSYoungGen      total 151040K, used 8672K [0x00000007aab00000, 0x00000007b8d80000, 0x00000007c0000000)
  eden space 142336K, 0% used [0x00000007aab00000,0x00000007aab00000,0x00000007b3600000)
  from space 8704K, 99% used [0x00000007b4c80000,0x00000007b54f8030,0x00000007b5500000)
  to   space 23040K, 0% used [0x00000007b3600000,0x00000007b3600000,0x00000007b4c80000)
 ParOldGen       total 45568K, used 45235K [0x0000000780000000, 0x0000000782c80000, 0x00000007aab00000)
  object space 45568K, 99% used [0x0000000780000000,0x0000000782c2cf98,0x0000000782c80000)
 Metaspace       used 43023K, capacity 43240K, committed 43608K, reserved 1087488K
  class space    used 6090K, capacity 6190K, committed 6272K, reserved 1048576K
}
Event: 46.253 GC heap before
{Heap before GC invocations=17 (full 3):
 PSYoungGen      total 151040K, used 8672K [0x00000007aab00000, 0x00000007b8d80000, 0x00000007c0000000)
  eden space 142336K, 0% used [0x00000007aab00000,0x00000007aab00000,0x00000007b3600000)
  from space 8704K, 99% used [0x00000007b4c80000,0x00000007b54f8030,0x00000007b5500000)
  to   space 23040K, 0% used [0x00000007b3600000,0x00000007b3600000,0x00000007b4c80000)
 ParOldGen       total 45568K, used 45235K [0x0000000780000000, 0x0000000782c80000, 0x00000007aab00000)
  object space 45568K, 99% used [0x0000000780000000,0x0000000782c2cf98,0x0000000782c80000)
 Metaspace       used 43023K, capacity 43240K, committed 43608K, reserved 1087488K
  class space    used 6090K, capacity 6190K, committed 6272K, reserved 1048576K
Event: 46.627 GC heap after
Heap after GC invocations=17 (full 3):
 PSYoungGen      total 151040K, used 6613K [0x00000007aab00000, 0x00000007b8d80000, 0x00000007c0000000)
  eden space 142336K, 0% used [0x00000007aab00000,0x00000007aab00000,0x00000007b3600000)
  from space 8704K, 75% used [0x00000007b4c80000,0x00000007b52f5698,0x00000007b5500000)
  to   space 23040K, 0% used [0x00000007b3600000,0x00000007b3600000,0x00000007b4c80000)
 ParOldGen       total 96256K, used 45564K [0x0000000780000000, 0x0000000785e00000, 0x00000007aab00000)
  object space 96256K, 47% used [0x0000000780000000,0x0000000782c7f170,0x0000000785e00000)
 Metaspace       used 43023K, capacity 43240K, committed 43608K, reserved 1087488K
  class space    used 6090K, capacity 6190K, committed 6272K, reserved 1048576K
}
Event: 49.062 GC heap before
{Heap before GC invocations=18 (full 3):
 PSYoungGen      total 151040K, used 148949K [0x00000007aab00000, 0x00000007b8d80000, 0x00000007c0000000)
  eden space 142336K, 100% used [0x00000007aab00000,0x00000007b3600000,0x00000007b3600000)
  from space 8704K, 75% used [0x00000007b4c80000,0x00000007b52f5698,0x00000007b5500000)
  to   space 23040K, 0% used [0x00000007b3600000,0x00000007b3600000,0x00000007b4c80000)
 ParOldGen       total 96256K, used 45564K [0x0000000780000000, 0x0000000785e00000, 0x00000007aab00000)
  object space 96256K, 47% used [0x0000000780000000,0x0000000782c7f170,0x0000000785e00000)
 Metaspace       used 50558K, capacity 50790K, committed 51032K, reserved 1093632K
  class space    used 6691K, capacity 6766K, committed 6784K, reserved 1048576K
Event: 49.132 GC heap after
Heap after GC invocations=18 (full 3):
 PSYoungGen      total 165376K, used 14622K [0x00000007aab00000, 0x00000007ba200000, 0x00000007c0000000)
  eden space 142336K, 0% used [0x00000007aab00000,0x00000007aab00000,0x00000007b3600000)
  from space 23040K, 63% used [0x00000007b3600000,0x00000007b44478a8,0x00000007b4c80000)
  to   space 24064K, 0% used [0x00000007b8a80000,0x00000007b8a80000,0x00000007ba200000)
 ParOldGen       total 96256K, used 52244K [0x0000000780000000, 0x0000000785e00000, 0x00000007aab00000)
  object space 96256K, 54% used [0x0000000780000000,0x0000000783305170,0x0000000785e00000)
 Metaspace       used 50558K, capacity 50790K, committed 51032K, reserved 1093632K
  class space    used 6691K, capacity 6766K, committed 6784K, reserved 1048576K
}
Event: 52.030 GC heap before
{Heap before GC invocations=19 (full 3):
 PSYoungGen      total 165376K, used 156958K [0x00000007aab00000, 0x00000007ba200000, 0x00000007c0000000)
  eden space 142336K, 100% used [0x00000007aab00000,0x00000007b3600000,0x00000007b3600000)
  from space 23040K, 63% used [0x00000007b3600000,0x00000007b44478a8,0x00000007b4c80000)
  to   space 24064K, 0% used [0x00000007b8a80000,0x00000007b8a80000,0x00000007ba200000)
 ParOldGen       total 96256K, used 52244K [0x0000000780000000, 0x0000000785e00000, 0x00000007aab00000)
  object space 96256K, 54% used [0x0000000780000000,0x0000000783305170,0x0000000785e00000)
 Metaspace       used 51570K, capacity 51724K, committed 51928K, reserved 1093632K
  class space    used 6728K, capacity 6799K, committed 6912K, reserved 1048576K
Event: 52.052 GC heap after
Heap after GC invocations=19 (full 3):
 PSYoungGen      total 221696K, used 1952K [0x00000007aab00000, 0x00000007b9e00000, 0x00000007c0000000)
  eden space 201728K, 0% used [0x00000007aab00000,0x00000007aab00000,0x00000007b7000000)
  from space 19968K, 9% used [0x00000007b8a80000,0x00000007b8c68000,0x00000007b9e00000)
  to   space 23552K, 0% used [0x00000007b7000000,0x00000007b7000000,0x00000007b8700000)
 ParOldGen       total 96256K, used 52948K [0x0000000780000000, 0x0000000785e00000, 0x00000007aab00000)
  object space 96256K, 55% used [0x0000000780000000,0x00000007833b50f0,0x0000000785e00000)
 Metaspace       used 51570K, capacity 51724K, committed 51928K, reserved 1093632K
  class space    used 6728K, capacity 6799K, committed 6912K, reserved 1048576K
}

